0 info it worked if it ends with ok
1 verbose cli [ 'C:\\Program Files\\nodejs\\node.exe',
1 verbose cli   'C:\\Program Files\\nodejs\\node_modules\\npm\\bin\\npm-cli.js',
1 verbose cli   'run',
1 verbose cli   'css' ]
2 info using npm@3.8.9
3 info using node@v6.2.0
4 verbose run-script [ 'precss', 'css', 'postcss' ]
5 info lifecycle ciklumInternship@0.0.1~precss: ciklumInternship@0.0.1
6 silly lifecycle ciklumInternship@0.0.1~precss: no script for precss, continuing
7 info lifecycle ciklumInternship@0.0.1~css: ciklumInternship@0.0.1
8 verbose lifecycle ciklumInternship@0.0.1~css: unsafe-perm in lifecycle true
9 verbose lifecycle ciklumInternship@0.0.1~css: PATH: C:\Program Files\nodejs\node_modules\npm\bin\node-gyp-bin;E:\userstore\aydnep\projects\CiklumInternship\node_modules\.bin;C:\Program Files\nodejs;C:\ProgramData\Oracle\Java\javapath;C:\Windows\system32;C:\Windows;C:\Windows\System32\Wbem;C:\Windows\System32\WindowsPowerShell\v1.0\;C:\Program Files\Microsoft SQL Server\120\Tools\Binn\;!!C:\Program Files (x86)\nodejs\;C:\Program Files\Microsoft\Web Platform Installer\;C:\Program Files\Microsoft SQL Server\Client SDK\ODBC\110\Tools\Binn\;C:\Program Files (x86)\Microsoft SQL Server\120\Tools\Binn\ManagementStudio\;C:\Program Files (x86)\Microsoft SQL Server\120\Tools\Binn\;C:\Program Files (x86)\Microsoft SQL Server\120\DTS\Binn\;C:\Program Files\Microsoft SQL Server\120\DTS\Binn\;C:\Program Files (x86)\Common Files\Bosch\VideoSDK;C:\Program Files\Microsoft DNX\Dnvm\;C:\Program Files\dotnet\bin;C:\Program Files (x86)\Skype\Phone\;C:\Program Files (x86)\Windows Live\Shared;C:\Program Files\nodejs\;C:\Program Files\Microsoft SQL Server\130\Tools\Binn\;C:\Program Files (x86)\Windows Kits\10\Windows Performance Toolkit\;C:\Program Files (x86)\Microsoft Emulator Manager\1.0\;C:\Program Files\Git\cmd;C:\Ruby23-x64\bin;C:\Users\aydne\.dnx\runtimes\dnx-clr-win-x64.1.0.0-rc1-update1\bin;C:\Users\aydne\.dnx\bin;C:\Users\aydne\AppData\Roaming\npm
10 verbose lifecycle ciklumInternship@0.0.1~css: CWD: E:\userstore\aydnep\projects\CiklumInternship
11 silly lifecycle ciklumInternship@0.0.1~css: Args: [ '/d /s /c',
11 silly lifecycle   'scss-lint src/components/**/*.scss --config lint.yml' ]
12 silly lifecycle ciklumInternship@0.0.1~css: Returned: code: 1  signal: null
13 info lifecycle ciklumInternship@0.0.1~css: Failed to exec css script
14 verbose stack Error: ciklumInternship@0.0.1 css: `scss-lint src/components/**/*.scss --config lint.yml`
14 verbose stack Exit status 1
14 verbose stack     at EventEmitter.<anonymous> (C:\Program Files\nodejs\node_modules\npm\lib\utils\lifecycle.js:245:16)
14 verbose stack     at emitTwo (events.js:106:13)
14 verbose stack     at EventEmitter.emit (events.js:191:7)
14 verbose stack     at ChildProcess.<anonymous> (C:\Program Files\nodejs\node_modules\npm\lib\utils\spawn.js:24:14)
14 verbose stack     at emitTwo (events.js:106:13)
14 verbose stack     at ChildProcess.emit (events.js:191:7)
14 verbose stack     at maybeClose (internal/child_process.js:850:16)
14 verbose stack     at Process.ChildProcess._handle.onexit (internal/child_process.js:215:5)
15 verbose pkgid ciklumInternship@0.0.1
16 verbose cwd E:\userstore\aydnep\projects\CiklumInternship\src
17 error Windows_NT 10.0.10586
18 error argv "C:\\Program Files\\nodejs\\node.exe" "C:\\Program Files\\nodejs\\node_modules\\npm\\bin\\npm-cli.js" "run" "css"
19 error node v6.2.0
20 error npm  v3.8.9
21 error code ELIFECYCLE
22 error ciklumInternship@0.0.1 css: `scss-lint src/components/**/*.scss --config lint.yml`
22 error Exit status 1
23 error Failed at the ciklumInternship@0.0.1 css script 'scss-lint src/components/**/*.scss --config lint.yml'.
23 error Make sure you have the latest version of node.js and npm installed.
23 error If you do, this is most likely a problem with the ciklumInternship package,
23 error not with npm itself.
23 error Tell the author that this fails on your system:
23 error     scss-lint src/components/**/*.scss --config lint.yml
23 error You can get information on how to open an issue for this project with:
23 error     npm bugs ciklumInternship
23 error Or if that isn't available, you can get their info via:
23 error     npm owner ls ciklumInternship
23 error There is likely additional logging output above.
24 verbose exit [ 1, true ]
